<?xml version="1.0" encoding="UTF-8"?>
<testng-results ignored="0" total="1" passed="1" failed="0" skipped="0">
  <reporter-output>
  </reporter-output>
  <suite started-at="2024-01-30T09:48:37Z" name="Default suite" finished-at="2024-01-30T09:48:48Z" duration-ms="10571">
    <groups>
    </groups>
    <test started-at="2024-01-30T09:48:37Z" name="Default test" finished-at="2024-01-30T09:48:48Z" duration-ms="10571">
      <class name="in.dotpe.merchant.tests.LoginTest">
        <test-method is-config="true" signature="setUp()[pri:0, instance:in.dotpe.merchant.tests.LoginTest@6a2b953e]" started-at="2024-01-30T15:18:37Z" name="setUp" finished-at="2024-01-30T15:18:47Z" duration-ms="9876" status="PASS">
          <reporter-output>
          </reporter-output>
        </test-method> <!-- setUp -->
        <test-method signature="loginTest()[pri:1, instance:in.dotpe.merchant.tests.LoginTest@6a2b953e]" started-at="2024-01-30T15:18:47Z" name="loginTest" finished-at="2024-01-30T15:18:48Z" duration-ms="534" status="PASS">
          <reporter-output>
          </reporter-output>
        </test-method> <!-- loginTest -->
        <test-method is-config="true" signature="tearDown()[pri:0, instance:in.dotpe.merchant.tests.LoginTest@6a2b953e]" started-at="2024-01-30T15:18:48Z" name="tearDown" finished-at="2024-01-30T15:18:48Z" duration-ms="141" status="PASS">
          <reporter-output>
          </reporter-output>
        </test-method> <!-- tearDown -->
      </class> <!-- in.dotpe.merchant.tests.LoginTest -->
    </test> <!-- Default test -->
  </suite> <!-- Default suite -->
</testng-results>
